<?xml version="1.0" encoding="UTF-8"?>
<!-- Generated by org.testng.reporters.JUnitReportReporter -->
<testsuite hostname="GOD" failures="0" tests="3" name="com.bis.java.ReverseString" time="0.017" errors="0" timestamp="2025-02-15T12:19:00 IST" skipped="2">
  <testcase classname="com.bis.java.ReverseString" name="arrayWithoutStrinBuffer" time="0.017"/>
  <testcase classname="com.bis.java.ReverseString" name="arrayStrinBuffer">
    <skipped/>
  </testcase> <!-- arrayStrinBuffer -->
  <testcase classname="com.bis.java.ReverseString" name="normal">
    <skipped/>
  </testcase> <!-- normal -->
</testsuite> <!-- com.bis.java.ReverseString -->
