<?xml version="1.0" encoding="UTF-8"?>
<!-- Generated by org.testng.reporters.JUnitReportReporter -->
<testsuite hostname="GOD" failures="0" tests="2" name="com.bis.java.arrays.MergeTwoArrays" time="0.020" errors="0" timestamp="2025-02-23T20:19:35 IST" skipped="1">
  <testcase classname="com.bis.java.arrays.MergeTwoArrays" name="mergeSortArray" time="0.020"/>
  <testcase classname="com.bis.java.arrays.MergeTwoArrays" name="mergeArray">
    <skipped/>
  </testcase> <!-- mergeArray -->
</testsuite> <!-- com.bis.java.arrays.MergeTwoArrays -->
