<?xml version="1.0" encoding="UTF-8"?>
<!-- Generated by org.testng.reporters.JUnitReportReporter -->
<testsuite hostname="GOD" failures="0" tests="2" name="com.bis.java.LargestAndSmallest" time="0.013" errors="0" timestamp="2025-02-22T00:50:33 IST" skipped="1">
  <testcase classname="com.bis.java.LargestAndSmallest" name="large" time="0.013"/>
  <testcase classname="com.bis.java.LargestAndSmallest" name="largest">
    <skipped/>
  </testcase> <!-- largest -->
</testsuite> <!-- com.bis.java.LargestAndSmallest -->
