<?xml version="1.0" encoding="UTF-8"?>
<!-- Generated by org.testng.reporters.JUnitReportReporter -->
<testsuite hostname="GOD" failures="0" tests="1" name="com.bis.api.ApiTest" time="3.306" errors="0" timestamp="2025-02-12T23:43:11 IST" skipped="0">
  <testcase classname="com.bis.api.ApiTest" name="getMethod" time="3.306"/>
</testsuite> <!-- com.bis.api.ApiTest -->
