<?xml version="1.0" encoding="UTF-8"?>
<!-- Generated by org.testng.reporters.JUnitReportReporter -->
<testsuite hostname="GOD" failures="0" tests="2" name="com.bis.java.arrays.ReverseArray" time="0.020" errors="0" timestamp="2025-02-23T20:31:10 IST" skipped="1">
  <testcase classname="com.bis.java.arrays.ReverseArray" name="collectionReverse" time="0.020"/>
  <testcase classname="com.bis.java.arrays.ReverseArray" name="normalMethod">
    <skipped/>
  </testcase> <!-- normalMethod -->
</testsuite> <!-- com.bis.java.arrays.ReverseArray -->
