<?xml version="1.0" encoding="UTF-8"?>
<!-- Generated by org.testng.reporters.JUnitReportReporter -->
<testsuite hostname="GOD" failures="0" tests="1" name="com.bis.java.FactorialNumbers" time="0.020" errors="0" timestamp="2025-02-18T22:09:43 IST" skipped="0">
  <testcase classname="com.bis.java.FactorialNumbers" name="fact" time="0.020"/>
</testsuite> <!-- com.bis.java.FactorialNumbers -->
