<?xml version="1.0" encoding="UTF-8"?>
<!-- Generated by org.testng.reporters.JUnitReportReporter -->
<testsuite hostname="GOD" failures="0" tests="1" name="com.bis.apilearn.API_Test_BDD" time="5.221" errors="0" timestamp="2024-10-08T02:20:04 IST" skipped="0">
  <testcase classname="com.bis.apilearn.API_Test_BDD" name="getMethod" time="5.221"/>
</testsuite> <!-- com.bis.apilearn.API_Test_BDD -->
