<?xml version="1.0" encoding="UTF-8"?>
<!-- Generated by org.testng.reporters.JUnitReportReporter -->
<testsuite hostname="GOD" failures="0" tests="2" name="com.bis.java.CountTheCharacter" time="0.024" errors="0" timestamp="2025-02-20T22:08:07 IST" skipped="1">
  <testcase classname="com.bis.java.CountTheCharacter" name="countOccuranceUsingMap" time="0.024"/>
  <testcase classname="com.bis.java.CountTheCharacter" name="countOccurance">
    <skipped/>
  </testcase> <!-- countOccurance -->
</testsuite> <!-- com.bis.java.CountTheCharacter -->
