<?xml version="1.0" encoding="UTF-8"?>
<!-- Generated by org.testng.reporters.JUnitReportReporter -->
<testsuite hostname="GOD" failures="0" tests="1" name="Pratice" time="0.029" errors="0" timestamp="2024-10-13T02:19:08 IST" skipped="0">
  <testcase classname="Pratice" name="hi" time="0.029"/>
</testsuite> <!-- Pratice -->
