<?xml version="1.0" encoding="UTF-8"?>
<!-- Generated by org.testng.reporters.JUnitReportReporter -->
<testsuite hostname="GOD" failures="0" tests="5" name="com.bis.java.DuplicateElementsInArray" time="0.018" errors="0" timestamp="2025-02-18T23:26:02 IST" skipped="4">
  <testcase classname="com.bis.java.DuplicateElementsInArray" name="deepSeek" time="0.018"/>
  <testcase classname="com.bis.java.DuplicateElementsInArray" name="mapFramework">
    <skipped/>
  </testcase> <!-- mapFramework -->
  <testcase classname="com.bis.java.DuplicateElementsInArray" name="collectionFramework">
    <skipped/>
  </testcase> <!-- collectionFramework -->
  <testcase classname="com.bis.java.DuplicateElementsInArray" name="compare">
    <skipped/>
  </testcase> <!-- compare -->
  <testcase classname="com.bis.java.DuplicateElementsInArray" name="numbers">
    <skipped/>
  </testcase> <!-- numbers -->
</testsuite> <!-- com.bis.java.DuplicateElementsInArray -->
