<?xml version="1.0" encoding="UTF-8"?>
<!-- Generated by org.testng.reporters.JUnitReportReporter -->
<testsuite hostname="GOD" failures="0" tests="7" name="com.bis.java.Rough" time="0.033" errors="0" timestamp="2025-02-21T00:14:56 IST" skipped="5">
  <testcase classname="com.bis.java.Rough" name="missingNumbers" time="0.012"/>
  <testcase classname="com.bis.java.Rough" name="largestAndSmallest" time="0.021"/>
  <testcase classname="com.bis.java.Rough" name="fact">
    <skipped/>
  </testcase> <!-- fact -->
  <testcase classname="com.bis.java.Rough" name="armStrongNumber">
    <skipped/>
  </testcase> <!-- armStrongNumber -->
  <testcase classname="com.bis.java.Rough" name="facts">
    <skipped/>
  </testcase> <!-- facts -->
  <testcase classname="com.bis.java.Rough" name="fib">
    <skipped/>
  </testcase> <!-- fib -->
  <testcase classname="com.bis.java.Rough" name="countTheCharacter">
    <skipped/>
  </testcase> <!-- countTheCharacter -->
</testsuite> <!-- com.bis.java.Rough -->
