<?xml version="1.0" encoding="UTF-8"?>
<!-- Generated by org.testng.reporters.JUnitReportReporter -->
<testsuite hostname="GOD" failures="0" tests="3" name="com.bis.testng.ParallelExecution" time="31.169" errors="0" timestamp="2025-02-28T19:50:20 IST" skipped="0">
  <testcase classname="com.bis.testng.ParallelExecution" name="youtube" time="0.033"/>
  <testcase classname="com.bis.testng.ParallelExecution" name="google" time="14.798"/>
  <testcase classname="com.bis.testng.ParallelExecution" name="googles" time="16.338"/>
</testsuite> <!-- com.bis.testng.ParallelExecution -->
