<?xml version="1.0" encoding="UTF-8"?>
<!-- Generated by org.testng.reporters.JUnitReportReporter -->
<testsuite hostname="GOD" failures="0" tests="1" name="com.bis.java.RemoveSpecailCharacter_junk" time="0.031" errors="0" timestamp="2025-02-15T11:36:30 IST" skipped="0">
  <testcase classname="com.bis.java.RemoveSpecailCharacter_junk" name="normal" time="0.031"/>
</testsuite> <!-- com.bis.java.RemoveSpecailCharacter_junk -->
