<?xml version="1.0" encoding="UTF-8"?>
<!-- Generated by org.testng.reporters.JUnitReportReporter -->
<testsuite hostname="GOD" failures="0" tests="5" name="com.bis.java.arrays.Rough" time="6.294" errors="0" timestamp="2025-02-23T22:19:36 IST" skipped="4">
  <testcase classname="com.bis.java.arrays.Rough" name="ArmStrong" time="6.294"/>
  <testcase classname="com.bis.java.arrays.Rough" name="mergeTwoArray">
    <skipped/>
  </testcase> <!-- mergeTwoArray -->
  <testcase classname="com.bis.java.arrays.Rough" name="copyandpaste">
    <skipped/>
  </testcase> <!-- copyandpaste -->
  <testcase classname="com.bis.java.arrays.Rough" name="sumAndAverage">
    <skipped/>
  </testcase> <!-- sumAndAverage -->
  <testcase classname="com.bis.java.arrays.Rough" name="findEle">
    <skipped/>
  </testcase> <!-- findEle -->
</testsuite> <!-- com.bis.java.arrays.Rough -->
